# JRE version: OpenJDK Runtime Environment (21.0.10) (build 21.0.10+-14961533-b1163.108)
# Java VM: OpenJDK 64-Bit Server VM (21.0.10+-14961533-b1163.108, mixed mode, tiered, compressed oops, compressed class ptrs, g1 gc, windows-amd64)
GC Precious Log:
 CardTable entry size: 512
 Card Set container configuration: InlinePtr #cards 4 size 8 Array Of Cards #cards 32 size 80 Howl #buckets 8 coarsen threshold 7372 Howl Bitmap #cards 1024 size 144 coarsen threshold 921 Card regions per heap region 1 cards per card region 8192
 CPUs: 12 total, 12 available
 Memory: 24280M
 Large Page Support: Disabled
 NUMA Support: Disabled
 Compressed Oops: Enabled (Zero based)
 Heap Region Size: 4M
 Heap Min Capacity: 8M
 Heap Initial Capacity: 380M
 Heap Max Capacity: 6072M
 Pre-touch: Disabled
 Parallel Workers: 10
 Concurrent Workers: 3
 Concurrent Refinement Workers: 10
 Periodic GC: Disabled
Heap:
 garbage-first heap   total 180224K, used 146512K [0x0000000684800000, 0x0000000800000000)
  region size 4096K, 16 young (65536K), 3 survivors (12288K)
 Metaspace       used 60762K, committed 61504K, reserved 1114112K
  class space    used 6823K, committed 7168K, reserved 1048576K
GC Heap History (20 events):
Event: 5.681 GC heap before
{Heap before GC invocations=10 (full 0):
 garbage-first heap   total 114688K, used 83282K [0x0000000684800000, 0x0000000800000000)
  region size 4096K, 16 young (65536K), 4 survivors (16384K)
 Metaspace       used 47057K, committed 47808K, reserved 1114112K
  class space    used 5731K, committed 6080K, reserved 1048576K
}
Event: 5.700 GC heap after
{Heap after GC invocations=11 (full 0):
 garbage-first heap   total 114688K, used 40193K [0x0000000684800000, 0x0000000800000000)
  region size 4096K, 2 young (8192K), 2 survivors (8192K)
 Metaspace       used 47057K, committed 47808K, reserved 1114112K
  class space    used 5731K, committed 6080K, reserved 1048576K
}
Event: 5.881 GC heap before
{Heap before GC invocations=11 (full 0):
 garbage-first heap   total 114688K, used 85249K [0x0000000684800000, 0x0000000800000000)
  region size 4096K, 13 young (53248K), 2 survivors (8192K)
 Metaspace       used 47158K, committed 47872K, reserved 1114112K
  class space    used 5731K, committed 6080K, reserved 1048576K
}
Event: 5.889 GC heap after
{Heap after GC invocations=12 (full 0):
 garbage-first heap   total 114688K, used 44790K [0x0000000684800000, 0x0000000800000000)
  region size 4096K, 2 young (8192K), 2 survivors (8192K)
 Metaspace       used 47158K, committed 47872K, reserved 1114112K
  class space    used 5731K, committed 6080K, reserved 1048576K
}
Event: 6.143 GC heap before
{Heap before GC invocations=12 (full 0):
 garbage-first heap   total 114688K, used 89846K [0x0000000684800000, 0x0000000800000000)
  region size 4096K, 13 young (53248K), 2 survivors (8192K)
 Metaspace       used 47174K, committed 47872K, reserved 1114112K
  class space    used 5731K, committed 6080K, reserved 1048576K
}
Event: 6.152 GC heap after
{Heap after GC invocations=13 (full 0):
 garbage-first heap   total 147456K, used 50829K [0x0000000684800000, 0x0000000800000000)
  region size 4096K, 2 young (8192K), 2 survivors (8192K)
 Metaspace       used 47174K, committed 47872K, reserved 1114112K
  class space    used 5731K, committed 6080K, reserved 1048576K
}
Event: 6.447 GC heap before
{Heap before GC invocations=13 (full 0):
 garbage-first heap   total 147456K, used 120461K [0x0000000684800000, 0x0000000800000000)
  region size 4096K, 19 young (77824K), 2 survivors (8192K)
 Metaspace       used 47175K, committed 47872K, reserved 1114112K
  class space    used 5732K, committed 6080K, reserved 1048576K
}
Event: 6.456 GC heap after
{Heap after GC invocations=14 (full 0):
 garbage-first heap   total 147456K, used 57344K [0x0000000684800000, 0x0000000800000000)
  region size 4096K, 3 young (12288K), 3 survivors (12288K)
 Metaspace       used 47175K, committed 47872K, reserved 1114112K
  class space    used 5732K, committed 6080K, reserved 1048576K
}
Event: 7.118 GC heap before
{Heap before GC invocations=14 (full 0):
 garbage-first heap   total 147456K, used 122880K [0x0000000684800000, 0x0000000800000000)
  region size 4096K, 19 young (77824K), 3 survivors (12288K)
 Metaspace       used 49421K, committed 50048K, reserved 1114112K
  class space    used 5979K, committed 6272K, reserved 1048576K
}
Event: 7.133 GC heap after
{Heap after GC invocations=15 (full 0):
 garbage-first heap   total 147456K, used 64914K [0x0000000684800000, 0x0000000800000000)
  region size 4096K, 2 young (8192K), 2 survivors (8192K)
 Metaspace       used 49421K, committed 50048K, reserved 1114112K
  class space    used 5979K, committed 6272K, reserved 1048576K
}
Event: 8.793 GC heap before
{Heap before GC invocations=15 (full 0):
 garbage-first heap   total 147456K, used 122258K [0x0000000684800000, 0x0000000800000000)
  region size 4096K, 17 young (69632K), 2 survivors (8192K)
 Metaspace       used 53205K, committed 53888K, reserved 1114112K
  class space    used 6303K, committed 6592K, reserved 1048576K
}
Event: 8.812 GC heap after
{Heap after GC invocations=16 (full 0):
 garbage-first heap   total 147456K, used 76658K [0x0000000684800000, 0x0000000800000000)
  region size 4096K, 3 young (12288K), 3 survivors (12288K)
 Metaspace       used 53205K, committed 53888K, reserved 1114112K
  class space    used 6303K, committed 6592K, reserved 1048576K
}
Event: 11.347 GC heap before
{Heap before GC invocations=16 (full 0):
 garbage-first heap   total 147456K, used 125810K [0x0000000684800000, 0x0000000800000000)
  region size 4096K, 15 young (61440K), 3 survivors (12288K)
 Metaspace       used 57929K, committed 58624K, reserved 1114112K
  class space    used 6714K, committed 7040K, reserved 1048576K
}
Event: 11.368 GC heap after
{Heap after GC invocations=17 (full 0):
 garbage-first heap   total 180224K, used 83375K [0x0000000684800000, 0x0000000800000000)
  region size 4096K, 2 young (8192K), 2 survivors (8192K)
 Metaspace       used 57929K, committed 58624K, reserved 1114112K
  class space    used 6714K, committed 7040K, reserved 1048576K
}
Event: 14.265 GC heap before
{Heap before GC invocations=17 (full 0):
 garbage-first heap   total 180224K, used 128431K [0x0000000684800000, 0x0000000800000000)
  region size 4096K, 14 young (57344K), 2 survivors (8192K)
 Metaspace       used 59345K, committed 60032K, reserved 1114112K
  class space    used 6768K, committed 7104K, reserved 1048576K
}
Event: 14.275 GC heap after
{Heap after GC invocations=18 (full 0):
 garbage-first heap   total 180224K, used 88132K [0x0000000684800000, 0x0000000800000000)
  region size 4096K, 3 young (12288K), 3 survivors (12288K)
 Metaspace       used 59345K, committed 60032K, reserved 1114112K
  class space    used 6768K, committed 7104K, reserved 1048576K
}
Event: 18.772 GC heap before
{Heap before GC invocations=19 (full 0):
 garbage-first heap   total 180224K, used 153668K [0x0000000684800000, 0x0000000800000000)
  region size 4096K, 19 young (77824K), 3 survivors (12288K)
 Metaspace       used 60081K, committed 60736K, reserved 1114112K
  class space    used 6805K, committed 7104K, reserved 1048576K
}
Event: 18.784 GC heap after
{Heap after GC invocations=20 (full 0):
 garbage-first heap   total 180224K, used 93257K [0x0000000684800000, 0x0000000800000000)
  region size 4096K, 3 young (12288K), 3 survivors (12288K)
 Metaspace       used 60081K, committed 60736K, reserved 1114112K
  class space    used 6805K, committed 7104K, reserved 1048576K
}
Event: 24.557 GC heap before
{Heap before GC invocations=20 (full 0):
 garbage-first heap   total 180224K, used 154697K [0x0000000684800000, 0x0000000800000000)
  region size 4096K, 18 young (73728K), 3 survivors (12288K)
 Metaspace       used 60427K, committed 61056K, reserved 1114112K
  class space    used 6808K, committed 7104K, reserved 1048576K
}
Event: 24.573 GC heap after
{Heap after GC invocations=21 (full 0):
 garbage-first heap   total 180224K, used 97360K [0x0000000684800000, 0x0000000800000000)
  region size 4096K, 3 young (12288K), 3 survivors (12288K)
 Metaspace       used 60427K, committed 61056K, reserved 1114112K
  class space    used 6808K, committed 7104K, reserved 1048576K
}

