# JRE version: OpenJDK Runtime Environment (21.0.10) (build 21.0.10+-14961533-b1163.108)
# Java VM: OpenJDK 64-Bit Server VM (21.0.10+-14961533-b1163.108, mixed mode, tiered, compressed oops, compressed class ptrs, g1 gc, windows-amd64)
GC Precious Log:
 CardTable entry size: 512
 Card Set container configuration: InlinePtr #cards 4 size 8 Array Of Cards #cards 32 size 80 Howl #buckets 8 coarsen threshold 7372 Howl Bitmap #cards 1024 size 144 coarsen threshold 921 Card regions per heap region 1 cards per card region 8192
 CPUs: 12 total, 12 available
 Memory: 24280M
 Large Page Support: Disabled
 NUMA Support: Disabled
 Compressed Oops: Enabled (Zero based)
 Heap Region Size: 4M
 Heap Min Capacity: 8M
 Heap Initial Capacity: 380M
 Heap Max Capacity: 6072M
 Pre-touch: Disabled
 Parallel Workers: 10
 Concurrent Workers: 3
 Concurrent Refinement Workers: 10
 Periodic GC: Disabled
Heap:
 garbage-first heap   total 245760K, used 160883K [0x0000000684800000, 0x0000000800000000)
  region size 4096K, 6 young (24576K), 1 survivors (4096K)
 Metaspace       used 85279K, committed 86080K, reserved 1179648K
  class space    used 9086K, committed 9472K, reserved 1048576K
GC Heap History (20 events):
Event: 40.208 GC heap before
{Heap before GC invocations=23 (full 0):
 garbage-first heap   total 172032K, used 149849K [0x0000000684800000, 0x0000000800000000)
  region size 4096K, 13 young (53248K), 1 survivors (4096K)
 Metaspace       used 60900K, committed 61568K, reserved 1114112K
  class space    used 6823K, committed 7168K, reserved 1048576K
}
Event: 40.214 GC heap after
{Heap after GC invocations=24 (full 0):
 garbage-first heap   total 172032K, used 103444K [0x0000000684800000, 0x0000000800000000)
  region size 4096K, 2 young (8192K), 2 survivors (8192K)
 Metaspace       used 60900K, committed 61568K, reserved 1114112K
  class space    used 6823K, committed 7168K, reserved 1048576K
}
Event: 43.420 GC heap before
{Heap before GC invocations=24 (full 0):
 garbage-first heap   total 172032K, used 152596K [0x0000000684800000, 0x0000000800000000)
  region size 4096K, 14 young (57344K), 2 survivors (8192K)
 Metaspace       used 61327K, committed 62016K, reserved 1114112K
  class space    used 6847K, committed 7168K, reserved 1048576K
}
Event: 43.436 GC heap after
{Heap after GC invocations=25 (full 0):
 garbage-first heap   total 172032K, used 105999K [0x0000000684800000, 0x0000000800000000)
  region size 4096K, 2 young (8192K), 2 survivors (8192K)
 Metaspace       used 61327K, committed 62016K, reserved 1114112K
  class space    used 6847K, committed 7168K, reserved 1048576K
}
Event: 46.046 GC heap before
{Heap before GC invocations=25 (full 0):
 garbage-first heap   total 172032K, used 155151K [0x0000000684800000, 0x0000000800000000)
  region size 4096K, 14 young (57344K), 2 survivors (8192K)
 Metaspace       used 61447K, committed 62144K, reserved 1114112K
  class space    used 6848K, committed 7168K, reserved 1048576K
}
Event: 46.059 GC heap after
{Heap after GC invocations=26 (full 0):
 garbage-first heap   total 172032K, used 108436K [0x0000000684800000, 0x0000000800000000)
  region size 4096K, 2 young (8192K), 2 survivors (8192K)
 Metaspace       used 61447K, committed 62144K, reserved 1114112K
  class space    used 6848K, committed 7168K, reserved 1048576K
}
Event: 47.951 GC heap before
{Heap before GC invocations=27 (full 0):
 garbage-first heap   total 184320K, used 157588K [0x0000000684800000, 0x0000000800000000)
  region size 4096K, 14 young (57344K), 2 survivors (8192K)
 Metaspace       used 61576K, committed 62272K, reserved 1114112K
  class space    used 6850K, committed 7168K, reserved 1048576K
}
Event: 47.961 GC heap after
{Heap after GC invocations=28 (full 0):
 garbage-first heap   total 184320K, used 112325K [0x0000000684800000, 0x0000000800000000)
  region size 4096K, 2 young (8192K), 2 survivors (8192K)
 Metaspace       used 61576K, committed 62272K, reserved 1114112K
  class space    used 6850K, committed 7168K, reserved 1048576K
}
Event: 49.236 GC heap before
{Heap before GC invocations=28 (full 0):
 garbage-first heap   total 184320K, used 169669K [0x0000000684800000, 0x0000000800000000)
  region size 4096K, 16 young (65536K), 2 survivors (8192K)
 Metaspace       used 62923K, committed 63616K, reserved 1114112K
  class space    used 6975K, committed 7296K, reserved 1048576K
}
Event: 49.252 GC heap after
{Heap after GC invocations=29 (full 0):
 garbage-first heap   total 188416K, used 113628K [0x0000000684800000, 0x0000000800000000)
  region size 4096K, 2 young (8192K), 2 survivors (8192K)
 Metaspace       used 62923K, committed 63616K, reserved 1114112K
  class space    used 6975K, committed 7296K, reserved 1048576K
}
Event: 50.194 GC heap before
{Heap before GC invocations=29 (full 0):
 garbage-first heap   total 188416K, used 170972K [0x0000000684800000, 0x0000000800000000)
  region size 4096K, 16 young (65536K), 2 survivors (8192K)
 Metaspace       used 65759K, committed 66560K, reserved 1114112K
  class space    used 7275K, committed 7680K, reserved 1048576K
}
Event: 50.212 GC heap after
{Heap after GC invocations=30 (full 0):
 garbage-first heap   total 188416K, used 115466K [0x0000000684800000, 0x0000000800000000)
  region size 4096K, 1 young (4096K), 1 survivors (4096K)
 Metaspace       used 65759K, committed 66560K, reserved 1114112K
  class space    used 7275K, committed 7680K, reserved 1048576K
}
Event: 52.452 GC heap before
{Heap before GC invocations=31 (full 0):
 garbage-first heap   total 200704K, used 172810K [0x0000000684800000, 0x0000000800000000)
  region size 4096K, 15 young (61440K), 1 survivors (4096K)
 Metaspace       used 71604K, committed 72384K, reserved 1114112K
  class space    used 7872K, committed 8256K, reserved 1048576K
}
Event: 52.465 GC heap after
{Heap after GC invocations=32 (full 0):
 garbage-first heap   total 200704K, used 120771K [0x0000000684800000, 0x0000000800000000)
  region size 4096K, 2 young (8192K), 2 survivors (8192K)
 Metaspace       used 71604K, committed 72384K, reserved 1114112K
  class space    used 7872K, committed 8256K, reserved 1048576K
}
Event: 53.877 GC heap before
{Heap before GC invocations=32 (full 0):
 garbage-first heap   total 200704K, used 182211K [0x0000000684800000, 0x0000000800000000)
  region size 4096K, 17 young (69632K), 2 survivors (8192K)
 Metaspace       used 73382K, committed 74240K, reserved 1179648K
  class space    used 8013K, committed 8448K, reserved 1048576K
}
Event: 53.916 GC heap after
{Heap after GC invocations=33 (full 0):
 garbage-first heap   total 212992K, used 135476K [0x0000000684800000, 0x0000000800000000)
  region size 4096K, 3 young (12288K), 3 survivors (12288K)
 Metaspace       used 73382K, committed 74240K, reserved 1179648K
  class space    used 8013K, committed 8448K, reserved 1048576K
}
Event: 55.449 GC heap before
{Heap before GC invocations=33 (full 0):
 garbage-first heap   total 212992K, used 184628K [0x0000000684800000, 0x0000000800000000)
  region size 4096K, 15 young (61440K), 3 survivors (12288K)
 Metaspace       used 77513K, committed 78400K, reserved 1179648K
  class space    used 8413K, committed 8832K, reserved 1048576K
}
Event: 55.472 GC heap after
{Heap after GC invocations=34 (full 0):
 garbage-first heap   total 212992K, used 141886K [0x0000000684800000, 0x0000000800000000)
  region size 4096K, 2 young (8192K), 2 survivors (8192K)
 Metaspace       used 77513K, committed 78400K, reserved 1179648K
  class space    used 8413K, committed 8832K, reserved 1048576K
}
Event: 57.597 GC heap before
{Heap before GC invocations=35 (full 0):
 garbage-first heap   total 245760K, used 186942K [0x0000000684800000, 0x0000000800000000)
  region size 4096K, 13 young (53248K), 2 survivors (8192K)
 Metaspace       used 84579K, committed 85376K, reserved 1179648K
  class space    used 9063K, committed 9472K, reserved 1048576K
}
Event: 57.604 GC heap after
{Heap after GC invocations=36 (full 0):
 garbage-first heap   total 245760K, used 144499K [0x0000000684800000, 0x0000000800000000)
  region size 4096K, 1 young (4096K), 1 survivors (4096K)
 Metaspace       used 84579K, committed 85376K, reserved 1179648K
  class space    used 9063K, committed 9472K, reserved 1048576K
}

